Running Python 3.11.10
Running PyTorch 2.4.1+cu124
GPU: NVIDIA H100 80GB HBM3
train_loader:dataset:fineweb10B_sp1024 train_shards:80
val_loader:shards pattern=./data/datasets/fineweb10B_sp1024/fineweb_val_*.bin tokens:62021632
model_params:17059912
attention_mode:gqa num_heads:8 num_kv_heads:4
tie_embeddings:True embed_lr:0.05 head_lr:0.0 matrix_lr:0.04 scalar_lr:0.04
train_batch_tokens:524288 train_seq_len:1024 iterations:20000 warmup_steps:20 max_wallclock_seconds:600.000
step:200/20000 train_loss:2.8026 train_time:93918ms step_avg:469.59ms
step:400/20000 train_loss:2.3864 train_time:186199ms step_avg:465.50ms
step:600/20000 train_loss:2.4762 train_time:280395ms step_avg:467.32ms
step:800/20000 train_loss:2.3214 train_time:372206ms step_avg:465.26ms
step:1000/20000 train_loss:2.3316 train_time:465512ms step_avg:465.51ms
step:1200/20000 train_loss:2.2530 train_time:558837ms step_avg:465.70ms
step:1288/20000 val_loss:2.2535 val_bpb:1.3346 train_time:600124ms step_avg:465.93ms
stopping_early: wallclock_cap train_time:600124ms step:1288/20000
peak memory allocated: 13193 MiB reserved: 14546 MiB
Serialized model int8+zlib: 13371020 bytes (payload:17178912 raw_torch:17223564 payload_ratio:3.91x)
Total submission size int8+zlib: 13419241 bytes
final_int8_zlib_roundtrip val_loss:2.2555 val_bpb:1.3359 eval_time:11771ms
final_int8_zlib_roundtrip_exact val_loss:2.25554520 val_bpb:1.33586092
