Running Python 3.11.10
Running PyTorch 2.4.1+cu124
GPU: NVIDIA H100 80GB HBM3
train_loader:dataset:fineweb10B_sp1024 train_shards:80
val_loader:shards pattern=./data/datasets/fineweb10B_sp1024/fineweb_val_*.bin tokens:62021632
model_params:17059912
attention_mode:gqa num_heads:8 num_kv_heads:4
tie_embeddings:True embed_lr:0.03 head_lr:0.0 matrix_lr:0.02 scalar_lr:0.02
train_batch_tokens:393216 train_seq_len:4096 iterations:20000 warmup_steps:20 max_wallclock_seconds:600.000
step:200/20000 train_loss:2.9714 train_time:98521ms step_avg:492.60ms
step:400/20000 train_loss:2.5376 train_time:196446ms step_avg:491.12ms
step:600/20000 train_loss:2.4089 train_time:292703ms step_avg:487.84ms
step:800/20000 train_loss:2.4058 train_time:390220ms step_avg:487.77ms
step:1000/20000 train_loss:2.2764 train_time:487660ms step_avg:487.66ms
step:1200/20000 train_loss:2.2996 train_time:584761ms step_avg:487.30ms
step:1231/20000 val_loss:2.2720 val_bpb:1.3456 train_time:600116ms step_avg:487.50ms
stopping_early: wallclock_cap train_time:600116ms step:1231/20000
peak memory allocated: 10008 MiB reserved: 10498 MiB
Serialized model int8+zlib: 10117065 bytes (payload:17178912 raw_torch:17223564 payload_ratio:3.91x)
Total submission size int8+zlib: 10165286 bytes
final_int8_zlib_roundtrip val_loss:2.2947 val_bpb:1.3590 eval_time:17601ms
final_int8_zlib_roundtrip_exact val_loss:2.29466042 val_bpb:1.35902715
